# K6: クラスタ化および非クラスタ化プライマリキー (出力)
```6
$ ./connect-cloud.sh
tidb> source 07-demo-compare-clustered-and-nonclustered-pk.sql
...
+-----------------------------+---------------------------------+
| Clustered # of TiKV Regions | Non-Clustered # of TiKV Regions |
+-----------------------------+---------------------------------+
|                           3 |                               6 |
+-----------------------------+---------------------------------+
1 row in set (0.02 sec)

+-----------------------------------------------------------------------------------+
| ~!@Clustered@!~                                                                         |
+-----------------------------------------------------------------------------------+
| SELECT varname FROM test.auto_increment_t2_clustered WHERE ~!@id between 10 and 100@!~; |
+-----------------------------------------------------------------------------------+

+--------------------------+---------+-----------+-----------------------------------+------------------------------------------+
| id                       | estRows | task      | access object                     | operator info                            |
+--------------------------+---------+-----------+-----------------------------------+------------------------------------------+
| Projection_4             | 88.93   | root      |                                   | test.auto_increment_t2_clustered.varname |
| └─TableReader_6          | 88.93   | root      |                                   | data:TableRangeScan_5                    |
|   └─~!@TableRangeScan_5@!~     | 88.93   | cop[tikv] | table:auto_increment_t2_clustered | range:[10,100], keep order:false         |
+--------------------------+---------+-----------+-----------------------------------+------------------------------------------+

+------------------------------------------------------------------------------+
| ~!@Non-Clustered@!~                                                                |
+------------------------------------------------------------------------------+
| SELECT varname FROM test.bigint_t3_nonclustered WHERE ~!@id between 10 and 100@!~; |
+------------------------------------------------------------------------------+

+---------------------------------+---------+-----------+-------------------------------------------------+-------------------------------------+
| id                              | estRows | task      | access object                                   | operator info                       |
+---------------------------------+---------+-----------+-------------------------------------------------+-------------------------------------+
| Projection_4                    | 92.93   | root      |                                                 | test.bigint_t3_nonclustered.varname |
| └─IndexLookUp_10                | 92.93   | root      |                                                 |                                     |
|   ├─~!@IndexRangeScan_8(Build)@!~     | 92.93   | cop[tikv] | table:bigint_t3_nonclustered, index:PRIMARY(id) | range:[10,100], keep order:false    |
|   └─~!@TableRowIDScan_9(Probe)@!~     | 92.93   | cop[tikv] | table:bigint_t3_nonclustered                    | keep order:false                    |
+---------------------------------+---------+-----------+-------------------------------------------------+-------------------------------------+
4 rows in set (0.00 sec)
```